[VerifyFood] 2026-02-11T19:22:13.944Z - RollNo: null, EventID: jspW5MwJjCE9PI2d2hFt, FolderID: 1dFh4KCr5okYu6AVANmocGrv37SSjHCn8NRl9HXGYvema2vMbjCSprgBv2orBrmfkXiMCzekg, DriveURL: Not Found

[DebugData] 2026-02-11T19:39:19.491Z
[
  {
    "id": "00nNjCDC4N7CGLhPO9HJ",
    "rollNo": "24MTR110",
    "other_details": {
      "Name": "Sundaramoorthy s",
      "Roll No": "24MTR110",
      "Department - ALL CAPS": "MECHATRONICS",
      "Room No": "029",
      "Kongu.edu mail": "Sundaramoorthys.24mts@kongu.edu",
      "Food Preference": "Veg"
    }
  },
  {
    "id": "05nTEySkmuS7mS80Poji",
    "rollNo": "24MTR002",
    "other_details": {
      "Name": "T.ABISHEK",
      "Roll No": "24MTR002",
      "Department - ALL CAPS": "MECHATRONICS ",
      "Room No": "024",
      "Kongu.edu mail": "abishekt.24mts@kongu.edu",
      "Food Preference": "Veg"
    }
  },
  {
    "id": "0C2BjYlzdPHmtCogYxxF",
    "rollNo": "24CDR007",
    "other_details": {
      "Name": "ADITHYA T ",
      "Roll No": "24CDR007",
      "Department - ALL CAPS": "CSD",
      "Room No": 335,
      "Kongu.edu mail": "adithyat.24csd@kongu.edu",
      "Food Preference": "Veg"
    }
  },
  {
    "id": "0JkC0natuRXrfwVmdvrZ",
    "rollNo": "24CDR031",
    "other_details": {
      "Name": "Faizil i",
      "Roll No": "24CDR031",
      "Department - ALL CAPS": "CSD A",
      "Room No": 115,
      "Kongu.edu mail": "faizili.24csd@kongu.edu",
      "Food Preference": "Veg"
    }
  },
  {
    "id": "0tw8vcjZjCX5riLXpTRg",
    "rollNo": "24MTR087",
    "other_details": {
      "Name": "Sanjeevi.R.D ",
      "Roll No": "24MTR087 ",
      "Department - ALL CAPS": "MECHATRONICS ",
      "Room No": 133,
      "Kongu.edu mail": "Sanjeevird.24mts@kongu.edu",
      "Food Preference": "Veg"
    }
  }
]

[DebugBHARAT] 2026-02-11T19:40:00.144Z
[
  {
    "id": "7lqpuS1B0w3KMdhQeESM",
    "name": "BHARAT HARI S",
    "rollNo": "24ALR004",
    "other_details": {
      "Name": "BHARAT HARI S",
      "Roll No": "24ALR004",
      "Department - ALL CAPS": "AIML",
      "Room No": 310,
      "Kongu.edu mail": "bharatharis.24aim@kongu.edu",
      "Food Preference": "Veg"
    }
  }
]

[DebugBHARAT] 2026-02-11T19:40:34.943Z
[
  {
    "id": "7lqpuS1B0w3KMdhQeESM",
    "name": "BHARAT HARI S",
    "rollNo": "24ALR004",
    "event_id": "jspW5MwJjCE9PI2d2hFt",
    "sub_event_name": "Biryani",
    "other_details": {
      "Name": "BHARAT HARI S",
      "Roll No": "24ALR004",
      "Department - ALL CAPS": "AIML",
      "Room No": 310,
      "Kongu.edu mail": "bharatharis.24aim@kongu.edu",
      "Food Preference": "Veg"
    }
  }
]
[DriveHelper] 2026-02-17T13:12:44.971Z - RollNo: 23ALR004, Folder: 1LTClVnBFZmNFyfDpBC_MiFNqcKvGvz63, CacheSize: 0, Found: false
[VerifyFood] 2026-02-17T13:12:44.975Z - RollNo: 23ALR004, EventID: oBa03gTIZTnsbahWlSyu, FolderID: 1LTClVnBFZmNFyfDpBC_MiFNqcKvGvz63, DriveURL: Not Found
[DriveHelper] 2026-02-17T13:17:34.027Z - RollNo: 23ALR004, Folder: 1LTClVnBFZmNFyfDpBC_MiFNqcKvGvz63, CacheSize: 0, Found: false
[VerifyFood] 2026-02-17T13:17:34.040Z - RollNo: 23ALR004, EventID: oBa03gTIZTnsbahWlSyu, FolderID: 1LTClVnBFZmNFyfDpBC_MiFNqcKvGvz63, DriveURL: Not Found
[DriveHelper] 2026-02-17T13:33:50.547Z - RollNo: 24ALR041, Folder: 1PK7i7LfBJYwwjGh95JzCvN6l8YDetHJvZsHu3fUvwkKSb5tjfOZ0UK7JyeWT0YZAJ6UHbwnp, CacheSize: 7, Found: true
[DriveHelper] 2026-02-17T13:33:51.602Z - RollNo: 24ALR041, Folder: 1PK7i7LfBJYwwjGh95JzCvN6l8YDetHJvZsHu3fUvwkKSb5tjfOZ0UK7JyeWT0YZAJ6UHbwnp, CacheSize: 7, Found: true
[DriveHelper] 2026-02-17T13:37:44.460Z - RollNo: 24ALR004, Folder: 1PK7i7LfBJYwwjGh95JzCvN6l8YDetHJvZsHu3fUvwkKSb5tjfOZ0UK7JyeWT0YZAJ6UHbwnp, CacheSize: 7, Found: true
[DriveHelper] 2026-02-17T13:37:45.042Z - RollNo: 24ALR004, Folder: 1PK7i7LfBJYwwjGh95JzCvN6l8YDetHJvZsHu3fUvwkKSb5tjfOZ0UK7JyeWT0YZAJ6UHbwnp, CacheSize: 7, Found: true
[DriveHelper] 2026-02-17T13:37:58.228Z - RollNo: 24ALR004, Folder: 1PK7i7LfBJYwwjGh95JzCvN6l8YDetHJvZsHu3fUvwkKSb5tjfOZ0UK7JyeWT0YZAJ6UHbwnp, CacheSize: 7, Found: true
[DriveHelper] 2026-02-17T13:38:06.873Z - RollNo: 24ALR004, Folder: 1PK7i7LfBJYwwjGh95JzCvN6l8YDetHJvZsHu3fUvwkKSb5tjfOZ0UK7JyeWT0YZAJ6UHbwnp, CacheSize: 7, Found: true
